# JRE version: Java(TM) SE Runtime Environment (8.0_241-b07) (build 1.8.0_241-b07)
# Java VM: Java HotSpot(TM) 64-Bit Server VM (25.241-b07 mixed mode windows-amd64 compressed oops)
Heap:
 PSYoungGen      total 18944K, used 9229K [0x00000000eb180000, 0x00000000ec680000, 0x0000000100000000)
  eden space 16384K, 40% used [0x00000000eb180000,0x00000000eb8039f8,0x00000000ec180000)
  from space 2560K, 99% used [0x00000000ec180000,0x00000000ec3ffa80,0x00000000ec400000)
  to   space 2560K, 0% used [0x00000000ec400000,0x00000000ec400000,0x00000000ec680000)
 ParOldGen       total 27136K, used 6030K [0x00000000c1400000, 0x00000000c2e80000, 0x00000000eb180000)
  object space 27136K, 22% used [0x00000000c1400000,0x00000000c19e3a58,0x00000000c2e80000)
 Metaspace       used 18301K, capacity 18360K, committed 18688K, reserved 1064960K
  class space    used 2469K, capacity 2487K, committed 2560K, reserved 1048576K
GC Heap History (10 events):
Event: 0.766 GC heap before
{Heap before GC invocations=2 (full 0):
 PSYoungGen      total 18944K, used 17036K [0x00000000eb180000, 0x00000000ec680000, 0x0000000100000000)
  eden space 16384K, 100% used [0x00000000eb180000,0x00000000ec180000,0x00000000ec180000)
  from space 2560K, 25% used [0x00000000ec180000,0x00000000ec223018,0x00000000ec400000)
  to   space 2560K, 0% used [0x00000000ec400000,0x00000000ec400000,0x00000000ec680000)
 ParOldGen       total 44032K, used 8K [0x00000000c1400000, 0x00000000c3f00000, 0x00000000eb180000)
  object space 44032K, 0% used [0x00000000c1400000,0x00000000c1402000,0x00000000c3f00000)
 Metaspace       used 7953K, capacity 8026K, committed 8320K, reserved 1056768K
  class space    used 1033K, capacity 1074K, committed 1152K, reserved 1048576K
Event: 0.773 GC heap after
Heap after GC invocations=2 (full 0):
 PSYoungGen      total 18944K, used 2558K [0x00000000eb180000, 0x00000000ec680000, 0x0000000100000000)
  eden space 16384K, 0% used [0x00000000eb180000,0x00000000eb180000,0x00000000ec180000)
  from space 2560K, 99% used [0x00000000ec400000,0x00000000ec67f8e0,0x00000000ec680000)
  to   space 2560K, 0% used [0x00000000ec180000,0x00000000ec180000,0x00000000ec400000)
 ParOldGen       total 44032K, used 556K [0x00000000c1400000, 0x00000000c3f00000, 0x00000000eb180000)
  object space 44032K, 1% used [0x00000000c1400000,0x00000000c148b088,0x00000000c3f00000)
 Metaspace       used 7953K, capacity 8026K, committed 8320K, reserved 1056768K
  class space    used 1033K, capacity 1074K, committed 1152K, reserved 1048576K
}
Event: 0.880 GC heap before
{Heap before GC invocations=3 (full 0):
 PSYoungGen      total 18944K, used 4284K [0x00000000eb180000, 0x00000000ec680000, 0x0000000100000000)
  eden space 16384K, 10% used [0x00000000eb180000,0x00000000eb32f8e0,0x00000000ec180000)
  from space 2560K, 99% used [0x00000000ec400000,0x00000000ec67f8e0,0x00000000ec680000)
  to   space 2560K, 0% used [0x00000000ec180000,0x00000000ec180000,0x00000000ec400000)
 ParOldGen       total 44032K, used 556K [0x00000000c1400000, 0x00000000c3f00000, 0x00000000eb180000)
  object space 44032K, 1% used [0x00000000c1400000,0x00000000c148b088,0x00000000c3f00000)
 Metaspace       used 9336K, capacity 9452K, committed 9472K, reserved 1060864K
  class space    used 1227K, capacity 1269K, committed 1280K, reserved 1048576K
Event: 0.884 GC heap after
Heap after GC invocations=3 (full 0):
 PSYoungGen      total 18944K, used 1949K [0x00000000eb180000, 0x00000000ec680000, 0x0000000100000000)
  eden space 16384K, 0% used [0x00000000eb180000,0x00000000eb180000,0x00000000ec180000)
  from space 2560K, 76% used [0x00000000ec180000,0x00000000ec3674a0,0x00000000ec400000)
  to   space 2560K, 0% used [0x00000000ec400000,0x00000000ec400000,0x00000000ec680000)
 ParOldGen       total 44032K, used 564K [0x00000000c1400000, 0x00000000c3f00000, 0x00000000eb180000)
  object space 44032K, 1% used [0x00000000c1400000,0x00000000c148d088,0x00000000c3f00000)
 Metaspace       used 9336K, capacity 9452K, committed 9472K, reserved 1060864K
  class space    used 1227K, capacity 1269K, committed 1280K, reserved 1048576K
}
Event: 0.884 GC heap before
{Heap before GC invocations=4 (full 1):
 PSYoungGen      total 18944K, used 1949K [0x00000000eb180000, 0x00000000ec680000, 0x0000000100000000)
  eden space 16384K, 0% used [0x00000000eb180000,0x00000000eb180000,0x00000000ec180000)
  from space 2560K, 76% used [0x00000000ec180000,0x00000000ec3674a0,0x00000000ec400000)
  to   space 2560K, 0% used [0x00000000ec400000,0x00000000ec400000,0x00000000ec680000)
 ParOldGen       total 44032K, used 564K [0x00000000c1400000, 0x00000000c3f00000, 0x00000000eb180000)
  object space 44032K, 1% used [0x00000000c1400000,0x00000000c148d088,0x00000000c3f00000)
 Metaspace       used 9336K, capacity 9452K, committed 9472K, reserved 1060864K
  class space    used 1227K, capacity 1269K, committed 1280K, reserved 1048576K
Event: 0.900 GC heap after
Heap after GC invocations=4 (full 1):
 PSYoungGen      total 18944K, used 0K [0x00000000eb180000, 0x00000000ec680000, 0x0000000100000000)
  eden space 16384K, 0% used [0x00000000eb180000,0x00000000eb180000,0x00000000ec180000)
  from space 2560K, 0% used [0x00000000ec180000,0x00000000ec180000,0x00000000ec400000)
  to   space 2560K, 0% used [0x00000000ec400000,0x00000000ec400000,0x00000000ec680000)
 ParOldGen       total 27136K, used 1878K [0x00000000c1400000, 0x00000000c2e80000, 0x00000000eb180000)
  object space 27136K, 6% used [0x00000000c1400000,0x00000000c15d5bb8,0x00000000c2e80000)
 Metaspace       used 9336K, capacity 9452K, committed 9472K, reserved 1058816K
  class space    used 1227K, capacity 1269K, committed 1280K, reserved 1048576K
}
Event: 1.690 GC heap before
{Heap before GC invocations=5 (full 1):
 PSYoungGen      total 18944K, used 16384K [0x00000000eb180000, 0x00000000ec680000, 0x0000000100000000)
  eden space 16384K, 100% used [0x00000000eb180000,0x00000000ec180000,0x00000000ec180000)
  from space 2560K, 0% used [0x00000000ec180000,0x00000000ec180000,0x00000000ec400000)
  to   space 2560K, 0% used [0x00000000ec400000,0x00000000ec400000,0x00000000ec680000)
 ParOldGen       total 27136K, used 1878K [0x00000000c1400000, 0x00000000c2e80000, 0x00000000eb180000)
  object space 27136K, 6% used [0x00000000c1400000,0x00000000c15d5bb8,0x00000000c2e80000)
 Metaspace       used 14392K, capacity 14578K, committed 14848K, reserved 1062912K
  class space    used 1911K, capacity 1974K, committed 2048K, reserved 1048576K
Event: 1.695 GC heap after
Heap after GC invocations=5 (full 1):
 PSYoungGen      total 18944K, used 2542K [0x00000000eb180000, 0x00000000ec680000, 0x0000000100000000)
  eden space 16384K, 0% used [0x00000000eb180000,0x00000000eb180000,0x00000000ec180000)
  from space 2560K, 99% used [0x00000000ec400000,0x00000000ec67b8b0,0x00000000ec680000)
  to   space 2560K, 0% used [0x00000000ec180000,0x00000000ec180000,0x00000000ec400000)
 ParOldGen       total 27136K, used 3637K [0x00000000c1400000, 0x00000000c2e80000, 0x00000000eb180000)
  object space 27136K, 13% used [0x00000000c1400000,0x00000000c178d550,0x00000000c2e80000)
 Metaspace       used 14392K, capacity 14578K, committed 14848K, reserved 1062912K
  class space    used 1911K, capacity 1974K, committed 2048K, reserved 1048576K
}
Event: 2.361 GC heap before
{Heap before GC invocations=6 (full 1):
 PSYoungGen      total 18944K, used 18926K [0x00000000eb180000, 0x00000000ec680000, 0x0000000100000000)
  eden space 16384K, 100% used [0x00000000eb180000,0x00000000ec180000,0x00000000ec180000)
  from space 2560K, 99% used [0x00000000ec400000,0x00000000ec67b8b0,0x00000000ec680000)
  to   space 2560K, 0% used [0x00000000ec180000,0x00000000ec180000,0x00000000ec400000)
 ParOldGen       total 27136K, used 3637K [0x00000000c1400000, 0x00000000c2e80000, 0x00000000eb180000)
  object space 27136K, 13% used [0x00000000c1400000,0x00000000c178d550,0x00000000c2e80000)
 Metaspace       used 17196K, capacity 17336K, committed 17536K, reserved 1064960K
  class space    used 2329K, capacity 2359K, committed 2432K, reserved 1048576K
Event: 2.368 GC heap after
Heap after GC invocations=6 (full 1):
 PSYoungGen      total 18944K, used 2558K [0x00000000eb180000, 0x00000000ec680000, 0x0000000100000000)
  eden space 16384K, 0% used [0x00000000eb180000,0x00000000eb180000,0x00000000ec180000)
  from space 2560K, 99% used [0x00000000ec180000,0x00000000ec3ffa80,0x00000000ec400000)
  to   space 2560K, 0% used [0x00000000ec400000,0x00000000ec400000,0x00000000ec680000)
 ParOldGen       total 27136K, used 6030K [0x00000000c1400000, 0x00000000c2e80000, 0x00000000eb180000)
  object space 27136K, 22% used [0x00000000c1400000,0x00000000c19e3a58,0x00000000c2e80000)
 Metaspace       used 17196K, capacity 17336K, committed 17536K, reserved 1064960K
  class space    used 2329K, capacity 2359K, committed 2432K, reserved 1048576K
}

